Using pre-set license

 COMMAND LINE ARGUMENTS:
/Applications/Unity/Hub/Editor/2020.3.12f1/Unity.app/Contents/MacOS/Unity
-adb2
-batchMode
-noUpm
-name
AssetImportWorker0
-projectPath
/Users/dominicndondo/Desktop/Milan
-logFile
Logs/AssetImportWorker0.log
-srvPort
64339
Successfully changed project path to: /Users/dominicndondo/Desktop/Milan
/Users/dominicndondo/Desktop/Milan
Using Asset Import Pipeline V2.
Refreshing native plugins compatible for Editor in 99.99 ms, found 3 plugins.
Preloading 0 native plugins for Editor in 0.00 ms.
Initialize engine version: 2020.3.12f1 (b3b2c6512326)
[Subsystems] Discovering subsystems at path /Applications/Unity/Hub/Editor/2020.3.12f1/Unity.app/Contents/Resources/UnitySubsystems
[Subsystems] Discovering subsystems at path /Users/dominicndondo/Desktop/Milan/Assets
GfxDevice: creating device client; threaded=0
2021-07-28 14:34:18.290 Unity[20427:875375] Color LCD preferred device: Intel(R) Iris(TM) Graphics 6000 (low power)
2021-07-28 14:34:18.290 Unity[20427:875375] Metal devices available: 1
2021-07-28 14:34:18.290 Unity[20427:875375] 0: Intel(R) Iris(TM) Graphics 6000 (low power)
2021-07-28 14:34:18.290 Unity[20427:875375] Using device Intel(R) Iris(TM) Graphics 6000 (low power)
Initializing Metal device caps: Intel(R) Iris(TM) Graphics 6000
Initialize mono
Mono path[0] = '/Applications/Unity/Hub/Editor/2020.3.12f1/Unity.app/Contents/Managed'
Mono path[1] = '/Applications/Unity/Hub/Editor/2020.3.12f1/Unity.app/Contents/MonoBleedingEdge/lib/mono/unityjit'
Mono config path = '/Applications/Unity/Hub/Editor/2020.3.12f1/Unity.app/Contents/MonoBleedingEdge/etc'
Using monoOptions --debugger-agent=transport=dt_socket,embedding=1,server=y,suspend=n,address=127.0.0.1:56427
Begin MonoManager ReloadAssembly
Error scanning for extension ivy.xml files: System.UnauthorizedAccessException: Access to the path '/Applications/Unity/Hub/Editor/2020.3.12f1/PlaybackEngines/WebGLSupport/BuildTools/Emscripten_Mac/node' is denied.
  at System.IO.__Error.WinIOError (System.Int32 errorCode, System.String maybeFullPath) [0x00129] in <695d1cc93cca45069c528c15c9fdd749>:0 
  at System.IO.FileSystemEnumerableIterator`1[TSource].HandleError (System.Int32 hr, System.String path) [0x00006] in <695d1cc93cca45069c528c15c9fdd749>:0 
  at System.IO.FileSystemEnumerableIterator`1[TSource].AddSearchableDirsToStack (System.IO.Directory+SearchData localSearchData) [0x00053] in <695d1cc93cca45069c528c15c9fdd749>:0 
  at System.IO.FileSystemEnumerableIterator`1[TSource].MoveNext () [0x0008e] in <695d1cc93cca45069c528c15c9fdd749>:0 
  at System.Collections.Generic.List`1[T]..ctor (System.Collections.Generic.IEnumerable`1[T] collection) [0x00077] in <695d1cc93cca45069c528c15c9fdd749>:0 
  at System.IO.Directory.InternalGetFileDirectoryNames (System.String path, System.String userPathOriginal, System.String searchPattern, System.Boolean includeFiles, System.Boolean includeDirs, System.IO.SearchOption searchOption, System.Boolean checkHost) [0x0000f] in <695d1cc93cca45069c528c15c9fdd749>:0 
  at System.IO.Directory.InternalGetFiles (System.String path, System.String searchPattern, System.IO.SearchOption searchOption) [0x00000] in <695d1cc93cca45069c528c15c9fdd749>:0 
  at System.IO.Directory.GetFiles (System.String path, System.String searchPattern, System.IO.SearchOption searchOption) [0x00038] in <695d1cc93cca45069c528c15c9fdd749>:0 
  at UnityEditor.Modules.ModuleManager.LoadLegacyExtensionsFromIvyFiles () [0x000a5] in /Users/bokken/buildslave/unity/build/Editor/Mono/Modules/ModuleManager.cs:253 
Registering precompiled unity dll's ...
Register platform support module: /Applications/Unity/Hub/Editor/2020.3.12f1/PlaybackEngines/WebGLSupport/UnityEditor.WebGL.Extensions.dll
Register platform support module: /Applications/Unity/Hub/Editor/2020.3.12f1/Unity.app/Contents/PlaybackEngines/MacStandaloneSupport/UnityEditor.OSXStandalone.Extensions.dll
Registered in 0.006802 seconds.
Native extension for OSXStandalone target not found
Native extension for WebGL target not found
Refreshing native plugins compatible for Editor in 59.65 ms, found 3 plugins.
Preloading 0 native plugins for Editor in 0.00 ms.
Mono: successfully reloaded assembly
- Completed reload, in  5.937 seconds
Platform modules already initialized, skipping
Registering precompiled user dll's ...
Registered in 0.017355 seconds.
Begin MonoManager ReloadAssembly
Native extension for OSXStandalone target not found
Native extension for WebGL target not found
Refreshing native plugins compatible for Editor in 78.39 ms, found 3 plugins.
Preloading 0 native plugins for Editor in 0.00 ms.
Mono: successfully reloaded assembly
- Completed reload, in  2.391 seconds
Platform modules already initialized, skipping
========================================================================
Worker process is ready to serve import requests
Launching external process: /Applications/Unity/Hub/Editor/2020.3.12f1/Unity.app/Contents/Tools/UnityShaderCompiler
Launched and connected shader compiler UnityShaderCompiler after 0.04 seconds
Refreshing native plugins compatible for Editor in 0.73 ms, found 3 plugins.
Preloading 0 native plugins for Editor in 0.00 ms.
Unloading 2131 Unused Serialized files (Serialized files now loaded: 0)
System memory in use before: 172.1 MB.
System memory in use after: 172.0 MB.

Unloading 32 unused Assets to reduce memory usage. Loaded Objects now: 2566.
Total: 4.556060 ms (FindLiveObjects: 0.826999 ms CreateObjectMapping: 0.334825 ms MarkObjects: 3.223499 ms  DeleteObjects: 0.168266 ms)

AssetImportParameters requested are different than current active one (requested -> active):
  custom:video-decoder-ogg-theora: a1e56fd34408186e4bbccfd4996cb3dc -> 
  custom:container-muxer-webm: aa71ff27fc2769a1b78a27578f13a17b -> 
  custom:container-demuxer-webm: 4f35f7cbe854078d1ac9338744f61a02 -> 
  custom:container-demuxer-ogg: 62fdf1f143b41e24485cea50d1cbac27 -> 
  custom:video-encoder-webm-vp8: eb34c28f22e8b96e1ab97ce403110664 -> 
  custom:framework-osx-AVFoundation: e770b220cccbd017edd2c1fefb359320 -> 
  custom:video-decoder-webm-vp8: 9c59270c3fd7afecdb556c50c9e8de78 -> 
  custom:audio-decoder-ogg-vorbis: bf7c407c2cedff20999df2af8eb42d56 -> 
  custom:audio-encoder-webm-vorbis: bf7c407c2cedff20999df2af8eb42d56 -> 
========================================================================
Received Import Request.
  path: Assets/Scripts/APIHelper2.cs
  artifactKey: Guid(be55e21ab656b43baa823dfc04fbcf81) Importer(815301076,1909f56bfc062723c751e8b465ee728b)
Start importing Assets/Scripts/APIHelper2.cs using Guid(be55e21ab656b43baa823dfc04fbcf81) Importer(815301076,1909f56bfc062723c751e8b465ee728b)  -> (artifact id: '00000000000000000000000000000000') in 0.716812 seconds  code(4) message(Build asset version error: assets/scripts/apihelper2.cs in SourceAssetDB has modification time of '2021-07-28T18:31:57Z' while content on disk has modification time of '2021-07-28T18:34:29Z')
  ERROR: Build asset version error: assets/scripts/apihelper2.cs in SourceAssetDB has modification time of '2021-07-28T18:31:57Z' while content on disk has modification time of '2021-07-28T18:34:29Z'
  Import took 0.727874 seconds .

========================================================================
Received Import Request.
  Time since last request: 0.050905 seconds.
  path: Assets/Scripts/APIHelper2.cs
  artifactKey: Guid(be55e21ab656b43baa823dfc04fbcf81) Importer(815301076,1909f56bfc062723c751e8b465ee728b)
Start importing Assets/Scripts/APIHelper2.cs using Guid(be55e21ab656b43baa823dfc04fbcf81) Importer(815301076,1909f56bfc062723c751e8b465ee728b)  -> (artifact id: '00000000000000000000000000000000') in 0.009626 seconds  code(4) message(Build asset version error: assets/scripts/apihelper2.cs in SourceAssetDB has modification time of '2021-07-28T18:31:57Z' while content on disk has modification time of '2021-07-28T18:34:29Z')
  ERROR: Build asset version error: assets/scripts/apihelper2.cs in SourceAssetDB has modification time of '2021-07-28T18:31:57Z' while content on disk has modification time of '2021-07-28T18:34:29Z'
  Import took 0.017486 seconds .

========================================================================
Received Import Request.
  Time since last request: 0.198112 seconds.
  path: Assets/Scripts/APIHelper2.cs
  artifactKey: Guid(be55e21ab656b43baa823dfc04fbcf81) Importer(815301076,1909f56bfc062723c751e8b465ee728b)
Start importing Assets/Scripts/APIHelper2.cs using Guid(be55e21ab656b43baa823dfc04fbcf81) Importer(815301076,1909f56bfc062723c751e8b465ee728b)  -> (artifact id: '00000000000000000000000000000000') in 0.005805 seconds  code(4) message(Build asset version error: assets/scripts/apihelper2.cs in SourceAssetDB has modification time of '2021-07-28T18:31:57Z' while content on disk has modification time of '2021-07-28T18:34:29Z')
  ERROR: Build asset version error: assets/scripts/apihelper2.cs in SourceAssetDB has modification time of '2021-07-28T18:31:57Z' while content on disk has modification time of '2021-07-28T18:34:29Z'
  Import took 0.015257 seconds .

========================================================================
Received Import Request.
  Time since last request: 0.048691 seconds.
  path: Assets/Scripts/APIHelper2.cs
  artifactKey: Guid(be55e21ab656b43baa823dfc04fbcf81) Importer(815301076,1909f56bfc062723c751e8b465ee728b)
Start importing Assets/Scripts/APIHelper2.cs using Guid(be55e21ab656b43baa823dfc04fbcf81) Importer(815301076,1909f56bfc062723c751e8b465ee728b)  -> (artifact id: '00000000000000000000000000000000') in 0.007855 seconds  code(4) message(Build asset version error: assets/scripts/apihelper2.cs in SourceAssetDB has modification time of '2021-07-28T18:31:57Z' while content on disk has modification time of '2021-07-28T18:34:29Z')
  ERROR: Build asset version error: assets/scripts/apihelper2.cs in SourceAssetDB has modification time of '2021-07-28T18:31:57Z' while content on disk has modification time of '2021-07-28T18:34:29Z'
  Import took 0.019337 seconds .

========================================================================
Received Import Request.
  Time since last request: 0.084405 seconds.
  path: Assets/Scripts/APIHelper2.cs
  artifactKey: Guid(be55e21ab656b43baa823dfc04fbcf81) Importer(815301076,1909f56bfc062723c751e8b465ee728b)
Start importing Assets/Scripts/APIHelper2.cs using Guid(be55e21ab656b43baa823dfc04fbcf81) Importer(815301076,1909f56bfc062723c751e8b465ee728b)  -> (artifact id: '00000000000000000000000000000000') in 0.007170 seconds  code(4) message(Build asset version error: assets/scripts/apihelper2.cs in SourceAssetDB has modification time of '2021-07-28T18:31:57Z' while content on disk has modification time of '2021-07-28T18:34:29Z')
  ERROR: Build asset version error: assets/scripts/apihelper2.cs in SourceAssetDB has modification time of '2021-07-28T18:31:57Z' while content on disk has modification time of '2021-07-28T18:34:29Z'
  Import took 0.014962 seconds .

========================================================================
Received Import Request.
  Time since last request: 0.077235 seconds.
  path: Assets/Scripts/APIHelper2.cs
  artifactKey: Guid(be55e21ab656b43baa823dfc04fbcf81) Importer(815301076,1909f56bfc062723c751e8b465ee728b)
Start importing Assets/Scripts/APIHelper2.cs using Guid(be55e21ab656b43baa823dfc04fbcf81) Importer(815301076,1909f56bfc062723c751e8b465ee728b)  -> (artifact id: '00000000000000000000000000000000') in 0.010160 seconds  code(4) message(Build asset version error: assets/scripts/apihelper2.cs in SourceAssetDB has modification time of '2021-07-28T18:31:57Z' while content on disk has modification time of '2021-07-28T18:34:29Z')
  ERROR: Build asset version error: assets/scripts/apihelper2.cs in SourceAssetDB has modification time of '2021-07-28T18:31:57Z' while content on disk has modification time of '2021-07-28T18:34:29Z'
  Import took 0.021104 seconds .

========================================================================
Received Import Request.
  Time since last request: 0.082037 seconds.
  path: Assets/Scripts/APIHelper2.cs
  artifactKey: Guid(be55e21ab656b43baa823dfc04fbcf81) Importer(815301076,1909f56bfc062723c751e8b465ee728b)
Start importing Assets/Scripts/APIHelper2.cs using Guid(be55e21ab656b43baa823dfc04fbcf81) Importer(815301076,1909f56bfc062723c751e8b465ee728b)  -> (artifact id: '00000000000000000000000000000000') in 0.009439 seconds  code(4) message(Build asset version error: assets/scripts/apihelper2.cs in SourceAssetDB has modification time of '2021-07-28T18:31:57Z' while content on disk has modification time of '2021-07-28T18:34:29Z')
  ERROR: Build asset version error: assets/scripts/apihelper2.cs in SourceAssetDB has modification time of '2021-07-28T18:31:57Z' while content on disk has modification time of '2021-07-28T18:34:29Z'
  Import took 0.020164 seconds .

========================================================================
Received Import Request.
  Time since last request: 0.078320 seconds.
  path: Assets/Scripts/APIHelper2.cs
  artifactKey: Guid(be55e21ab656b43baa823dfc04fbcf81) Importer(815301076,1909f56bfc062723c751e8b465ee728b)
Start importing Assets/Scripts/APIHelper2.cs using Guid(be55e21ab656b43baa823dfc04fbcf81) Importer(815301076,1909f56bfc062723c751e8b465ee728b)  -> (artifact id: '00000000000000000000000000000000') in 0.008399 seconds  code(4) message(Build asset version error: assets/scripts/apihelper2.cs in SourceAssetDB has modification time of '2021-07-28T18:31:57Z' while content on disk has modification time of '2021-07-28T18:34:29Z')
  ERROR: Build asset version error: assets/scripts/apihelper2.cs in SourceAssetDB has modification time of '2021-07-28T18:31:57Z' while content on disk has modification time of '2021-07-28T18:34:29Z'
  Import took 0.014754 seconds .

========================================================================
Received Import Request.
  Time since last request: 0.090305 seconds.
  path: Assets/Scripts/APIHelper2.cs
  artifactKey: Guid(be55e21ab656b43baa823dfc04fbcf81) Importer(815301076,1909f56bfc062723c751e8b465ee728b)
Start importing Assets/Scripts/APIHelper2.cs using Guid(be55e21ab656b43baa823dfc04fbcf81) Importer(815301076,1909f56bfc062723c751e8b465ee728b)  -> (artifact id: '00000000000000000000000000000000') in 0.013586 seconds  code(4) message(Build asset version error: assets/scripts/apihelper2.cs in SourceAssetDB has modification time of '2021-07-28T18:31:57Z' while content on disk has modification time of '2021-07-28T18:34:29Z')
  ERROR: Build asset version error: assets/scripts/apihelper2.cs in SourceAssetDB has modification time of '2021-07-28T18:31:57Z' while content on disk has modification time of '2021-07-28T18:34:29Z'
  Import took 0.019202 seconds .

========================================================================
Received Import Request.
  Time since last request: 0.077946 seconds.
  path: Assets/Scripts/APIHelper2.cs
  artifactKey: Guid(be55e21ab656b43baa823dfc04fbcf81) Importer(815301076,1909f56bfc062723c751e8b465ee728b)
Start importing Assets/Scripts/APIHelper2.cs using Guid(be55e21ab656b43baa823dfc04fbcf81) Importer(815301076,1909f56bfc062723c751e8b465ee728b)  -> (artifact id: '00000000000000000000000000000000') in 0.006669 seconds  code(4) message(Build asset version error: assets/scripts/apihelper2.cs in SourceAssetDB has modification time of '2021-07-28T18:31:57Z' while content on disk has modification time of '2021-07-28T18:34:29Z')
  ERROR: Build asset version error: assets/scripts/apihelper2.cs in SourceAssetDB has modification time of '2021-07-28T18:31:57Z' while content on disk has modification time of '2021-07-28T18:34:29Z'
  Import took 0.017014 seconds .

========================================================================
Received Import Request.
  Time since last request: 0.080794 seconds.
  path: Assets/Scripts/APIHelper2.cs
  artifactKey: Guid(be55e21ab656b43baa823dfc04fbcf81) Importer(815301076,1909f56bfc062723c751e8b465ee728b)
Start importing Assets/Scripts/APIHelper2.cs using Guid(be55e21ab656b43baa823dfc04fbcf81) Importer(815301076,1909f56bfc062723c751e8b465ee728b)  -> (artifact id: '00000000000000000000000000000000') in 0.009369 seconds  code(4) message(Build asset version error: assets/scripts/apihelper2.cs in SourceAssetDB has modification time of '2021-07-28T18:31:57Z' while content on disk has modification time of '2021-07-28T18:34:29Z')
  ERROR: Build asset version error: assets/scripts/apihelper2.cs in SourceAssetDB has modification time of '2021-07-28T18:31:57Z' while content on disk has modification time of '2021-07-28T18:34:29Z'
  Import took 0.017410 seconds .

========================================================================
Received Import Request.
  Time since last request: 0.086637 seconds.
  path: Assets/Scripts/APIHelper2.cs
  artifactKey: Guid(be55e21ab656b43baa823dfc04fbcf81) Importer(815301076,1909f56bfc062723c751e8b465ee728b)
Start importing Assets/Scripts/APIHelper2.cs using Guid(be55e21ab656b43baa823dfc04fbcf81) Importer(815301076,1909f56bfc062723c751e8b465ee728b)  -> (artifact id: '00000000000000000000000000000000') in 0.010942 seconds  code(4) message(Build asset version error: assets/scripts/apihelper2.cs in SourceAssetDB has modification time of '2021-07-28T18:31:57Z' while content on disk has modification time of '2021-07-28T18:34:29Z')
  ERROR: Build asset version error: assets/scripts/apihelper2.cs in SourceAssetDB has modification time of '2021-07-28T18:31:57Z' while content on disk has modification time of '2021-07-28T18:34:29Z'
  Import took 0.018924 seconds .

========================================================================
Received Import Request.
  Time since last request: 0.075283 seconds.
  path: Assets/Scripts/APIHelper2.cs
  artifactKey: Guid(be55e21ab656b43baa823dfc04fbcf81) Importer(815301076,1909f56bfc062723c751e8b465ee728b)
Start importing Assets/Scripts/APIHelper2.cs using Guid(be55e21ab656b43baa823dfc04fbcf81) Importer(815301076,1909f56bfc062723c751e8b465ee728b)  -> (artifact id: '00000000000000000000000000000000') in 0.009869 seconds  code(4) message(Build asset version error: assets/scripts/apihelper2.cs in SourceAssetDB has modification time of '2021-07-28T18:31:57Z' while content on disk has modification time of '2021-07-28T18:34:29Z')
  ERROR: Build asset version error: assets/scripts/apihelper2.cs in SourceAssetDB has modification time of '2021-07-28T18:31:57Z' while content on disk has modification time of '2021-07-28T18:34:29Z'
  Import took 0.017071 seconds .

========================================================================
Received Import Request.
  Time since last request: 0.084217 seconds.
  path: Assets/Scripts/APIHelper2.cs
  artifactKey: Guid(be55e21ab656b43baa823dfc04fbcf81) Importer(815301076,1909f56bfc062723c751e8b465ee728b)
Start importing Assets/Scripts/APIHelper2.cs using Guid(be55e21ab656b43baa823dfc04fbcf81) Importer(815301076,1909f56bfc062723c751e8b465ee728b)  -> (artifact id: '00000000000000000000000000000000') in 0.007842 seconds  code(4) message(Build asset version error: assets/scripts/apihelper2.cs in SourceAssetDB has modification time of '2021-07-28T18:31:57Z' while content on disk has modification time of '2021-07-28T18:34:29Z')
  ERROR: Build asset version error: assets/scripts/apihelper2.cs in SourceAssetDB has modification time of '2021-07-28T18:31:57Z' while content on disk has modification time of '2021-07-28T18:34:29Z'
  Import took 0.014225 seconds .

========================================================================
Received Import Request.
  Time since last request: 0.091286 seconds.
  path: Assets/Scripts/APIHelper2.cs
  artifactKey: Guid(be55e21ab656b43baa823dfc04fbcf81) Importer(815301076,1909f56bfc062723c751e8b465ee728b)
Start importing Assets/Scripts/APIHelper2.cs using Guid(be55e21ab656b43baa823dfc04fbcf81) Importer(815301076,1909f56bfc062723c751e8b465ee728b)  -> (artifact id: '00000000000000000000000000000000') in 0.005704 seconds  code(4) message(Build asset version error: assets/scripts/apihelper2.cs in SourceAssetDB has modification time of '2021-07-28T18:31:57Z' while content on disk has modification time of '2021-07-28T18:34:29Z')
  ERROR: Build asset version error: assets/scripts/apihelper2.cs in SourceAssetDB has modification time of '2021-07-28T18:31:57Z' while content on disk has modification time of '2021-07-28T18:34:29Z'
  Import took 0.012744 seconds .

========================================================================
Received Import Request.
  Time since last request: 0.081570 seconds.
  path: Assets/Scripts/APIHelper2.cs
  artifactKey: Guid(be55e21ab656b43baa823dfc04fbcf81) Importer(815301076,1909f56bfc062723c751e8b465ee728b)
Start importing Assets/Scripts/APIHelper2.cs using Guid(be55e21ab656b43baa823dfc04fbcf81) Importer(815301076,1909f56bfc062723c751e8b465ee728b)  -> (artifact id: '00000000000000000000000000000000') in 0.010452 seconds  code(4) message(Build asset version error: assets/scripts/apihelper2.cs in SourceAssetDB has modification time of '2021-07-28T18:31:57Z' while content on disk has modification time of '2021-07-28T18:34:29Z')
  ERROR: Build asset version error: assets/scripts/apihelper2.cs in SourceAssetDB has modification time of '2021-07-28T18:31:57Z' while content on disk has modification time of '2021-07-28T18:34:29Z'
  Import took 0.018757 seconds .

========================================================================
Received Import Request.
  Time since last request: 0.077878 seconds.
  path: Assets/Scripts/APIHelper2.cs
  artifactKey: Guid(be55e21ab656b43baa823dfc04fbcf81) Importer(815301076,1909f56bfc062723c751e8b465ee728b)
Start importing Assets/Scripts/APIHelper2.cs using Guid(be55e21ab656b43baa823dfc04fbcf81) Importer(815301076,1909f56bfc062723c751e8b465ee728b)  -> (artifact id: '00000000000000000000000000000000') in 0.009730 seconds  code(4) message(Build asset version error: assets/scripts/apihelper2.cs in SourceAssetDB has modification time of '2021-07-28T18:31:57Z' while content on disk has modification time of '2021-07-28T18:34:29Z')
  ERROR: Build asset version error: assets/scripts/apihelper2.cs in SourceAssetDB has modification time of '2021-07-28T18:31:57Z' while content on disk has modification time of '2021-07-28T18:34:29Z'
  Import took 0.018054 seconds .

========================================================================
Received Import Request.
  Time since last request: 0.088854 seconds.
  path: Assets/Scripts/APIHelper2.cs
  artifactKey: Guid(be55e21ab656b43baa823dfc04fbcf81) Importer(815301076,1909f56bfc062723c751e8b465ee728b)
Start importing Assets/Scripts/APIHelper2.cs using Guid(be55e21ab656b43baa823dfc04fbcf81) Importer(815301076,1909f56bfc062723c751e8b465ee728b)  -> (artifact id: '00000000000000000000000000000000') in 0.008077 seconds  code(4) message(Build asset version error: assets/scripts/apihelper2.cs in SourceAssetDB has modification time of '2021-07-28T18:31:57Z' while content on disk has modification time of '2021-07-28T18:34:29Z')
  ERROR: Build asset version error: assets/scripts/apihelper2.cs in SourceAssetDB has modification time of '2021-07-28T18:31:57Z' while content on disk has modification time of '2021-07-28T18:34:29Z'
  Import took 0.015567 seconds .

========================================================================
Received Import Request.
  Time since last request: 0.079963 seconds.
  path: Assets/Scripts/APIHelper2.cs
  artifactKey: Guid(be55e21ab656b43baa823dfc04fbcf81) Importer(815301076,1909f56bfc062723c751e8b465ee728b)
Start importing Assets/Scripts/APIHelper2.cs using Guid(be55e21ab656b43baa823dfc04fbcf81) Importer(815301076,1909f56bfc062723c751e8b465ee728b)  -> (artifact id: '00000000000000000000000000000000') in 0.010453 seconds  code(4) message(Build asset version error: assets/scripts/apihelper2.cs in SourceAssetDB has modification time of '2021-07-28T18:31:57Z' while content on disk has modification time of '2021-07-28T18:34:29Z')
  ERROR: Build asset version error: assets/scripts/apihelper2.cs in SourceAssetDB has modification time of '2021-07-28T18:31:57Z' while content on disk has modification time of '2021-07-28T18:34:29Z'
  Import took 0.017658 seconds .

========================================================================
Received Import Request.
  Time since last request: 0.081957 seconds.
  path: Assets/Scripts/APIHelper2.cs
  artifactKey: Guid(be55e21ab656b43baa823dfc04fbcf81) Importer(815301076,1909f56bfc062723c751e8b465ee728b)
Start importing Assets/Scripts/APIHelper2.cs using Guid(be55e21ab656b43baa823dfc04fbcf81) Importer(815301076,1909f56bfc062723c751e8b465ee728b)  -> (artifact id: '00000000000000000000000000000000') in 0.009346 seconds  code(4) message(Build asset version error: assets/scripts/apihelper2.cs in SourceAssetDB has modification time of '2021-07-28T18:31:57Z' while content on disk has modification time of '2021-07-28T18:34:29Z')
  ERROR: Build asset version error: assets/scripts/apihelper2.cs in SourceAssetDB has modification time of '2021-07-28T18:31:57Z' while content on disk has modification time of '2021-07-28T18:34:29Z'
  Import took 0.014945 seconds .

========================================================================
Received Import Request.
  Time since last request: 0.085228 seconds.
  path: Assets/Scripts/APIHelper2.cs
  artifactKey: Guid(be55e21ab656b43baa823dfc04fbcf81) Importer(815301076,1909f56bfc062723c751e8b465ee728b)
Start importing Assets/Scripts/APIHelper2.cs using Guid(be55e21ab656b43baa823dfc04fbcf81) Importer(815301076,1909f56bfc062723c751e8b465ee728b)  -> (artifact id: '00000000000000000000000000000000') in 0.024551 seconds  code(4) message(Build asset version error: assets/scripts/apihelper2.cs in SourceAssetDB has modification time of '2021-07-28T18:31:57Z' while content on disk has modification time of '2021-07-28T18:34:29Z')
  ERROR: Build asset version error: assets/scripts/apihelper2.cs in SourceAssetDB has modification time of '2021-07-28T18:31:57Z' while content on disk has modification time of '2021-07-28T18:34:29Z'
  Import took 0.036348 seconds .

========================================================================
Received Import Request.
  Time since last request: 0.070611 seconds.
  path: Assets/Scripts/APIHelper2.cs
  artifactKey: Guid(be55e21ab656b43baa823dfc04fbcf81) Importer(815301076,1909f56bfc062723c751e8b465ee728b)
Start importing Assets/Scripts/APIHelper2.cs using Guid(be55e21ab656b43baa823dfc04fbcf81) Importer(815301076,1909f56bfc062723c751e8b465ee728b)  -> (artifact id: '00000000000000000000000000000000') in 0.011353 seconds  code(4) message(Build asset version error: assets/scripts/apihelper2.cs in SourceAssetDB has modification time of '2021-07-28T18:31:57Z' while content on disk has modification time of '2021-07-28T18:34:29Z')
  ERROR: Build asset version error: assets/scripts/apihelper2.cs in SourceAssetDB has modification time of '2021-07-28T18:31:57Z' while content on disk has modification time of '2021-07-28T18:34:29Z'
  Import took 0.021311 seconds .

========================================================================
Received Import Request.
  Time since last request: 0.070820 seconds.
  path: Assets/Scripts/APIHelper2.cs
  artifactKey: Guid(be55e21ab656b43baa823dfc04fbcf81) Importer(815301076,1909f56bfc062723c751e8b465ee728b)
Start importing Assets/Scripts/APIHelper2.cs using Guid(be55e21ab656b43baa823dfc04fbcf81) Importer(815301076,1909f56bfc062723c751e8b465ee728b)  -> (artifact id: '00000000000000000000000000000000') in 0.005971 seconds  code(4) message(Build asset version error: assets/scripts/apihelper2.cs in SourceAssetDB has modification time of '2021-07-28T18:31:57Z' while content on disk has modification time of '2021-07-28T18:34:29Z')
  ERROR: Build asset version error: assets/scripts/apihelper2.cs in SourceAssetDB has modification time of '2021-07-28T18:31:57Z' while content on disk has modification time of '2021-07-28T18:34:29Z'
  Import took 0.015712 seconds .

========================================================================
Received Import Request.
  Time since last request: 0.085854 seconds.
  path: Assets/Scripts/APIHelper2.cs
  artifactKey: Guid(be55e21ab656b43baa823dfc04fbcf81) Importer(815301076,1909f56bfc062723c751e8b465ee728b)
Start importing Assets/Scripts/APIHelper2.cs using Guid(be55e21ab656b43baa823dfc04fbcf81) Importer(815301076,1909f56bfc062723c751e8b465ee728b)  -> (artifact id: '00000000000000000000000000000000') in 0.006030 seconds  code(4) message(Build asset version error: assets/scripts/apihelper2.cs in SourceAssetDB has modification time of '2021-07-28T18:31:57Z' while content on disk has modification time of '2021-07-28T18:34:29Z')
  ERROR: Build asset version error: assets/scripts/apihelper2.cs in SourceAssetDB has modification time of '2021-07-28T18:31:57Z' while content on disk has modification time of '2021-07-28T18:34:29Z'
  Import took 0.015205 seconds .

========================================================================
Received Import Request.
  Time since last request: 0.079710 seconds.
  path: Assets/Scripts/APIHelper2.cs
  artifactKey: Guid(be55e21ab656b43baa823dfc04fbcf81) Importer(815301076,1909f56bfc062723c751e8b465ee728b)
Start importing Assets/Scripts/APIHelper2.cs using Guid(be55e21ab656b43baa823dfc04fbcf81) Importer(815301076,1909f56bfc062723c751e8b465ee728b)  -> (artifact id: '00000000000000000000000000000000') in 0.010149 seconds  code(4) message(Build asset version error: assets/scripts/apihelper2.cs in SourceAssetDB has modification time of '2021-07-28T18:31:57Z' while content on disk has modification time of '2021-07-28T18:34:29Z')
  ERROR: Build asset version error: assets/scripts/apihelper2.cs in SourceAssetDB has modification time of '2021-07-28T18:31:57Z' while content on disk has modification time of '2021-07-28T18:34:29Z'
  Import took 0.020208 seconds .

========================================================================
Received Import Request.
  Time since last request: 0.080030 seconds.
  path: Assets/Scripts/APIHelper2.cs
  artifactKey: Guid(be55e21ab656b43baa823dfc04fbcf81) Importer(815301076,1909f56bfc062723c751e8b465ee728b)
Start importing Assets/Scripts/APIHelper2.cs using Guid(be55e21ab656b43baa823dfc04fbcf81) Importer(815301076,1909f56bfc062723c751e8b465ee728b)  -> (artifact id: '00000000000000000000000000000000') in 0.005881 seconds  code(4) message(Build asset version error: assets/scripts/apihelper2.cs in SourceAssetDB has modification time of '2021-07-28T18:31:57Z' while content on disk has modification time of '2021-07-28T18:34:29Z')
  ERROR: Build asset version error: assets/scripts/apihelper2.cs in SourceAssetDB has modification time of '2021-07-28T18:31:57Z' while content on disk has modification time of '2021-07-28T18:34:29Z'
  Import took 0.016278 seconds .

========================================================================
Received Import Request.
  Time since last request: 0.081427 seconds.
  path: Assets/Scripts/APIHelper2.cs
  artifactKey: Guid(be55e21ab656b43baa823dfc04fbcf81) Importer(815301076,1909f56bfc062723c751e8b465ee728b)
Start importing Assets/Scripts/APIHelper2.cs using Guid(be55e21ab656b43baa823dfc04fbcf81) Importer(815301076,1909f56bfc062723c751e8b465ee728b)  -> (artifact id: '00000000000000000000000000000000') in 0.019389 seconds  code(4) message(Build asset version error: assets/scripts/apihelper2.cs in SourceAssetDB has modification time of '2021-07-28T18:31:57Z' while content on disk has modification time of '2021-07-28T18:34:29Z')
  ERROR: Build asset version error: assets/scripts/apihelper2.cs in SourceAssetDB has modification time of '2021-07-28T18:31:57Z' while content on disk has modification time of '2021-07-28T18:34:29Z'
  Import took 0.032779 seconds .

========================================================================
Received Import Request.
  Time since last request: 0.102916 seconds.
  path: Assets/Scripts/APIHelper2.cs
  artifactKey: Guid(be55e21ab656b43baa823dfc04fbcf81) Importer(815301076,1909f56bfc062723c751e8b465ee728b)
Start importing Assets/Scripts/APIHelper2.cs using Guid(be55e21ab656b43baa823dfc04fbcf81) Importer(815301076,1909f56bfc062723c751e8b465ee728b)  -> (artifact id: '00000000000000000000000000000000') in 0.009914 seconds  code(4) message(Build asset version error: assets/scripts/apihelper2.cs in SourceAssetDB has modification time of '2021-07-28T18:31:57Z' while content on disk has modification time of '2021-07-28T18:34:29Z')
  ERROR: Build asset version error: assets/scripts/apihelper2.cs in SourceAssetDB has modification time of '2021-07-28T18:31:57Z' while content on disk has modification time of '2021-07-28T18:34:29Z'
  Import took 0.059556 seconds .

========================================================================
Received Import Request.
  Time since last request: 0.107169 seconds.
  path: Assets/Scripts/APIHelper2.cs
  artifactKey: Guid(be55e21ab656b43baa823dfc04fbcf81) Importer(815301076,1909f56bfc062723c751e8b465ee728b)
Start importing Assets/Scripts/APIHelper2.cs using Guid(be55e21ab656b43baa823dfc04fbcf81) Importer(815301076,1909f56bfc062723c751e8b465ee728b)  -> (artifact id: '00000000000000000000000000000000') in 0.006482 seconds  code(4) message(Build asset version error: assets/scripts/apihelper2.cs in SourceAssetDB has modification time of '2021-07-28T18:31:57Z' while content on disk has modification time of '2021-07-28T18:34:29Z')
  ERROR: Build asset version error: assets/scripts/apihelper2.cs in SourceAssetDB has modification time of '2021-07-28T18:31:57Z' while content on disk has modification time of '2021-07-28T18:34:29Z'
  Import took 0.015131 seconds .

========================================================================
Received Import Request.
  Time since last request: 0.092749 seconds.
  path: Assets/Scripts/APIHelper2.cs
  artifactKey: Guid(be55e21ab656b43baa823dfc04fbcf81) Importer(815301076,1909f56bfc062723c751e8b465ee728b)
Start importing Assets/Scripts/APIHelper2.cs using Guid(be55e21ab656b43baa823dfc04fbcf81) Importer(815301076,1909f56bfc062723c751e8b465ee728b)  -> (artifact id: '00000000000000000000000000000000') in 0.010365 seconds  code(4) message(Build asset version error: assets/scripts/apihelper2.cs in SourceAssetDB has modification time of '2021-07-28T18:31:57Z' while content on disk has modification time of '2021-07-28T18:34:29Z')
  ERROR: Build asset version error: assets/scripts/apihelper2.cs in SourceAssetDB has modification time of '2021-07-28T18:31:57Z' while content on disk has modification time of '2021-07-28T18:34:29Z'
  Import took 0.016888 seconds .

========================================================================
Received Import Request.
  Time since last request: 0.277277 seconds.
  path: Assets/Scripts/APIHelper2.cs
  artifactKey: Guid(be55e21ab656b43baa823dfc04fbcf81) Importer(815301076,1909f56bfc062723c751e8b465ee728b)
Start importing Assets/Scripts/APIHelper2.cs using Guid(be55e21ab656b43baa823dfc04fbcf81) Importer(815301076,1909f56bfc062723c751e8b465ee728b)  -> (artifact id: '00000000000000000000000000000000') in 0.011568 seconds  code(4) message(Build asset version error: assets/scripts/apihelper2.cs in SourceAssetDB has modification time of '2021-07-28T18:31:57Z' while content on disk has modification time of '2021-07-28T18:34:29Z')
  ERROR: Build asset version error: assets/scripts/apihelper2.cs in SourceAssetDB has modification time of '2021-07-28T18:31:57Z' while content on disk has modification time of '2021-07-28T18:34:29Z'
  Import took 0.017699 seconds .

========================================================================
Received Import Request.
  Time since last request: 0.081823 seconds.
  path: Assets/Scripts/APIHelper2.cs
  artifactKey: Guid(be55e21ab656b43baa823dfc04fbcf81) Importer(815301076,1909f56bfc062723c751e8b465ee728b)
Start importing Assets/Scripts/APIHelper2.cs using Guid(be55e21ab656b43baa823dfc04fbcf81) Importer(815301076,1909f56bfc062723c751e8b465ee728b)  -> (artifact id: '00000000000000000000000000000000') in 0.004353 seconds  code(4) message(Build asset version error: assets/scripts/apihelper2.cs in SourceAssetDB has modification time of '2021-07-28T18:31:57Z' while content on disk has modification time of '2021-07-28T18:34:29Z')
  ERROR: Build asset version error: assets/scripts/apihelper2.cs in SourceAssetDB has modification time of '2021-07-28T18:31:57Z' while content on disk has modification time of '2021-07-28T18:34:29Z'
  Import took 0.009710 seconds .

========================================================================
Received Import Request.
  Time since last request: 0.190756 seconds.
  path: Assets/Scripts/APIHelper2.cs
  artifactKey: Guid(be55e21ab656b43baa823dfc04fbcf81) Importer(815301076,1909f56bfc062723c751e8b465ee728b)
Start importing Assets/Scripts/APIHelper2.cs using Guid(be55e21ab656b43baa823dfc04fbcf81) Importer(815301076,1909f56bfc062723c751e8b465ee728b)  -> (artifact id: '00000000000000000000000000000000') in 0.007499 seconds  code(4) message(Build asset version error: assets/scripts/apihelper2.cs in SourceAssetDB has modification time of '2021-07-28T18:31:57Z' while content on disk has modification time of '2021-07-28T18:34:29Z')
  ERROR: Build asset version error: assets/scripts/apihelper2.cs in SourceAssetDB has modification time of '2021-07-28T18:31:57Z' while content on disk has modification time of '2021-07-28T18:34:29Z'
  Import took 0.013941 seconds .

========================================================================
Received Import Request.
  Time since last request: 0.092498 seconds.
  path: Assets/Scripts/APIHelper2.cs
  artifactKey: Guid(be55e21ab656b43baa823dfc04fbcf81) Importer(815301076,1909f56bfc062723c751e8b465ee728b)
Start importing Assets/Scripts/APIHelper2.cs using Guid(be55e21ab656b43baa823dfc04fbcf81) Importer(815301076,1909f56bfc062723c751e8b465ee728b)  -> (artifact id: '00000000000000000000000000000000') in 0.004855 seconds  code(4) message(Build asset version error: assets/scripts/apihelper2.cs in SourceAssetDB has modification time of '2021-07-28T18:31:57Z' while content on disk has modification time of '2021-07-28T18:34:29Z')
  ERROR: Build asset version error: assets/scripts/apihelper2.cs in SourceAssetDB has modification time of '2021-07-28T18:31:57Z' while content on disk has modification time of '2021-07-28T18:34:29Z'
  Import took 0.012031 seconds .

========================================================================
Received Import Request.
  Time since last request: 0.178896 seconds.
  path: Assets/Scripts/APIHelper2.cs
  artifactKey: Guid(be55e21ab656b43baa823dfc04fbcf81) Importer(815301076,1909f56bfc062723c751e8b465ee728b)
Start importing Assets/Scripts/APIHelper2.cs using Guid(be55e21ab656b43baa823dfc04fbcf81) Importer(815301076,1909f56bfc062723c751e8b465ee728b)  -> (artifact id: '00000000000000000000000000000000') in 0.009478 seconds  code(4) message(Build asset version error: assets/scripts/apihelper2.cs in SourceAssetDB has modification time of '2021-07-28T18:31:57Z' while content on disk has modification time of '2021-07-28T18:34:29Z')
  ERROR: Build asset version error: assets/scripts/apihelper2.cs in SourceAssetDB has modification time of '2021-07-28T18:31:57Z' while content on disk has modification time of '2021-07-28T18:34:29Z'
  Import took 0.017334 seconds .

========================================================================
Received Import Request.
  Time since last request: 0.084743 seconds.
  path: Assets/Scripts/APIHelper2.cs
  artifactKey: Guid(be55e21ab656b43baa823dfc04fbcf81) Importer(815301076,1909f56bfc062723c751e8b465ee728b)
Start importing Assets/Scripts/APIHelper2.cs using Guid(be55e21ab656b43baa823dfc04fbcf81) Importer(815301076,1909f56bfc062723c751e8b465ee728b)  -> (artifact id: '00000000000000000000000000000000') in 0.004040 seconds  code(4) message(Build asset version error: assets/scripts/apihelper2.cs in SourceAssetDB has modification time of '2021-07-28T18:31:57Z' while content on disk has modification time of '2021-07-28T18:34:29Z')
  ERROR: Build asset version error: assets/scripts/apihelper2.cs in SourceAssetDB has modification time of '2021-07-28T18:31:57Z' while content on disk has modification time of '2021-07-28T18:34:29Z'
  Import took 0.008714 seconds .

========================================================================
Received Import Request.
  Time since last request: 0.192699 seconds.
  path: Assets/Scripts/APIHelper2.cs
  artifactKey: Guid(be55e21ab656b43baa823dfc04fbcf81) Importer(815301076,1909f56bfc062723c751e8b465ee728b)
Start importing Assets/Scripts/APIHelper2.cs using Guid(be55e21ab656b43baa823dfc04fbcf81) Importer(815301076,1909f56bfc062723c751e8b465ee728b)  -> (artifact id: '00000000000000000000000000000000') in 0.010549 seconds  code(4) message(Build asset version error: assets/scripts/apihelper2.cs in SourceAssetDB has modification time of '2021-07-28T18:31:57Z' while content on disk has modification time of '2021-07-28T18:34:29Z')
  ERROR: Build asset version error: assets/scripts/apihelper2.cs in SourceAssetDB has modification time of '2021-07-28T18:31:57Z' while content on disk has modification time of '2021-07-28T18:34:29Z'
  Import took 0.017169 seconds .

========================================================================
Received Import Request.
  Time since last request: 0.078742 seconds.
  path: Assets/Scripts/APIHelper2.cs
  artifactKey: Guid(be55e21ab656b43baa823dfc04fbcf81) Importer(815301076,1909f56bfc062723c751e8b465ee728b)
Start importing Assets/Scripts/APIHelper2.cs using Guid(be55e21ab656b43baa823dfc04fbcf81) Importer(815301076,1909f56bfc062723c751e8b465ee728b)  -> (artifact id: '00000000000000000000000000000000') in 0.004238 seconds  code(4) message(Build asset version error: assets/scripts/apihelper2.cs in SourceAssetDB has modification time of '2021-07-28T18:31:57Z' while content on disk has modification time of '2021-07-28T18:34:29Z')
  ERROR: Build asset version error: assets/scripts/apihelper2.cs in SourceAssetDB has modification time of '2021-07-28T18:31:57Z' while content on disk has modification time of '2021-07-28T18:34:29Z'
  Import took 0.009813 seconds .

========================================================================
Received Import Request.
  Time since last request: 0.187512 seconds.
  path: Assets/Scripts/APIHelper2.cs
  artifactKey: Guid(be55e21ab656b43baa823dfc04fbcf81) Importer(815301076,1909f56bfc062723c751e8b465ee728b)
Start importing Assets/Scripts/APIHelper2.cs using Guid(be55e21ab656b43baa823dfc04fbcf81) Importer(815301076,1909f56bfc062723c751e8b465ee728b)  -> (artifact id: '00000000000000000000000000000000') in 0.009834 seconds  code(4) message(Build asset version error: assets/scripts/apihelper2.cs in SourceAssetDB has modification time of '2021-07-28T18:31:57Z' while content on disk has modification time of '2021-07-28T18:34:29Z')
  ERROR: Build asset version error: assets/scripts/apihelper2.cs in SourceAssetDB has modification time of '2021-07-28T18:31:57Z' while content on disk has modification time of '2021-07-28T18:34:29Z'
  Import took 0.021266 seconds .

========================================================================
Received Import Request.
  Time since last request: 0.081443 seconds.
  path: Assets/Scripts/APIHelper2.cs
  artifactKey: Guid(be55e21ab656b43baa823dfc04fbcf81) Importer(815301076,1909f56bfc062723c751e8b465ee728b)
Start importing Assets/Scripts/APIHelper2.cs using Guid(be55e21ab656b43baa823dfc04fbcf81) Importer(815301076,1909f56bfc062723c751e8b465ee728b)  -> (artifact id: '00000000000000000000000000000000') in 0.003891 seconds  code(4) message(Build asset version error: assets/scripts/apihelper2.cs in SourceAssetDB has modification time of '2021-07-28T18:31:57Z' while content on disk has modification time of '2021-07-28T18:34:29Z')
  ERROR: Build asset version error: assets/scripts/apihelper2.cs in SourceAssetDB has modification time of '2021-07-28T18:31:57Z' while content on disk has modification time of '2021-07-28T18:34:29Z'
  Import took 0.008462 seconds .

========================================================================
Received Import Request.
  Time since last request: 0.107110 seconds.
  path: Assets/Scripts/APIHelper2.cs
  artifactKey: Guid(be55e21ab656b43baa823dfc04fbcf81) Importer(815301076,1909f56bfc062723c751e8b465ee728b)
Start importing Assets/Scripts/APIHelper2.cs using Guid(be55e21ab656b43baa823dfc04fbcf81) Importer(815301076,1909f56bfc062723c751e8b465ee728b)  -> (artifact id: '00000000000000000000000000000000') in 0.005169 seconds  code(4) message(Build asset version error: assets/scripts/apihelper2.cs in SourceAssetDB has modification time of '2021-07-28T18:31:57Z' while content on disk has modification time of '2021-07-28T18:34:29Z')
  ERROR: Build asset version error: assets/scripts/apihelper2.cs in SourceAssetDB has modification time of '2021-07-28T18:31:57Z' while content on disk has modification time of '2021-07-28T18:34:29Z'
  Import took 0.010529 seconds .

========================================================================
Received Import Request.
  Time since last request: 0.073783 seconds.
  path: Assets/Scripts/APIHelper2.cs
  artifactKey: Guid(be55e21ab656b43baa823dfc04fbcf81) Importer(815301076,1909f56bfc062723c751e8b465ee728b)
Start importing Assets/Scripts/APIHelper2.cs using Guid(be55e21ab656b43baa823dfc04fbcf81) Importer(815301076,1909f56bfc062723c751e8b465ee728b)  -> (artifact id: '00000000000000000000000000000000') in 0.004149 seconds  code(4) message(Build asset version error: assets/scripts/apihelper2.cs in SourceAssetDB has modification time of '2021-07-28T18:31:57Z' while content on disk has modification time of '2021-07-28T18:34:29Z')
  ERROR: Build asset version error: assets/scripts/apihelper2.cs in SourceAssetDB has modification time of '2021-07-28T18:31:57Z' while content on disk has modification time of '2021-07-28T18:34:29Z'
  Import took 0.008589 seconds .

========================================================================
Received Import Request.
  Time since last request: 0.286285 seconds.
  path: Assets/Scripts/APIHelper2.cs
  artifactKey: Guid(be55e21ab656b43baa823dfc04fbcf81) Importer(815301076,1909f56bfc062723c751e8b465ee728b)
Start importing Assets/Scripts/APIHelper2.cs using Guid(be55e21ab656b43baa823dfc04fbcf81) Importer(815301076,1909f56bfc062723c751e8b465ee728b)  -> (artifact id: '00000000000000000000000000000000') in 0.004478 seconds  code(4) message(Build asset version error: assets/scripts/apihelper2.cs in SourceAssetDB has modification time of '2021-07-28T18:31:57Z' while content on disk has modification time of '2021-07-28T18:34:29Z')
  ERROR: Build asset version error: assets/scripts/apihelper2.cs in SourceAssetDB has modification time of '2021-07-28T18:31:57Z' while content on disk has modification time of '2021-07-28T18:34:29Z'
  Import took 0.013402 seconds .

========================================================================
Received Import Request.
  Time since last request: 0.093330 seconds.
  path: Assets/Scripts/APIHelper2.cs
  artifactKey: Guid(be55e21ab656b43baa823dfc04fbcf81) Importer(815301076,1909f56bfc062723c751e8b465ee728b)
Start importing Assets/Scripts/APIHelper2.cs using Guid(be55e21ab656b43baa823dfc04fbcf81) Importer(815301076,1909f56bfc062723c751e8b465ee728b)  -> (artifact id: '00000000000000000000000000000000') in 0.004156 seconds  code(4) message(Build asset version error: assets/scripts/apihelper2.cs in SourceAssetDB has modification time of '2021-07-28T18:31:57Z' while content on disk has modification time of '2021-07-28T18:34:29Z')
  ERROR: Build asset version error: assets/scripts/apihelper2.cs in SourceAssetDB has modification time of '2021-07-28T18:31:57Z' while content on disk has modification time of '2021-07-28T18:34:29Z'
  Import took 0.009453 seconds .

========================================================================
Received Import Request.
  Time since last request: 0.190103 seconds.
  path: Assets/Scripts/APIHelper2.cs
  artifactKey: Guid(be55e21ab656b43baa823dfc04fbcf81) Importer(815301076,1909f56bfc062723c751e8b465ee728b)
Start importing Assets/Scripts/APIHelper2.cs using Guid(be55e21ab656b43baa823dfc04fbcf81) Importer(815301076,1909f56bfc062723c751e8b465ee728b)  -> (artifact id: '00000000000000000000000000000000') in 0.009284 seconds  code(4) message(Build asset version error: assets/scripts/apihelper2.cs in SourceAssetDB has modification time of '2021-07-28T18:31:57Z' while content on disk has modification time of '2021-07-28T18:34:29Z')
  ERROR: Build asset version error: assets/scripts/apihelper2.cs in SourceAssetDB has modification time of '2021-07-28T18:31:57Z' while content on disk has modification time of '2021-07-28T18:34:29Z'
  Import took 0.016224 seconds .

========================================================================
Received Import Request.
  Time since last request: 0.083722 seconds.
  path: Assets/Scripts/APIHelper2.cs
  artifactKey: Guid(be55e21ab656b43baa823dfc04fbcf81) Importer(815301076,1909f56bfc062723c751e8b465ee728b)
Start importing Assets/Scripts/APIHelper2.cs using Guid(be55e21ab656b43baa823dfc04fbcf81) Importer(815301076,1909f56bfc062723c751e8b465ee728b)  -> (artifact id: '00000000000000000000000000000000') in 0.004688 seconds  code(4) message(Build asset version error: assets/scripts/apihelper2.cs in SourceAssetDB has modification time of '2021-07-28T18:31:57Z' while content on disk has modification time of '2021-07-28T18:34:29Z')
  ERROR: Build asset version error: assets/scripts/apihelper2.cs in SourceAssetDB has modification time of '2021-07-28T18:31:57Z' while content on disk has modification time of '2021-07-28T18:34:29Z'
  Import took 0.014043 seconds .

========================================================================
Received Import Request.
  Time since last request: 0.084201 seconds.
  path: Assets/Scripts/APIHelper2.cs
  artifactKey: Guid(be55e21ab656b43baa823dfc04fbcf81) Importer(815301076,1909f56bfc062723c751e8b465ee728b)
Start importing Assets/Scripts/APIHelper2.cs using Guid(be55e21ab656b43baa823dfc04fbcf81) Importer(815301076,1909f56bfc062723c751e8b465ee728b)  -> (artifact id: '00000000000000000000000000000000') in 0.003982 seconds  code(4) message(Build asset version error: assets/scripts/apihelper2.cs in SourceAssetDB has modification time of '2021-07-28T18:31:57Z' while content on disk has modification time of '2021-07-28T18:34:29Z')
  ERROR: Build asset version error: assets/scripts/apihelper2.cs in SourceAssetDB has modification time of '2021-07-28T18:31:57Z' while content on disk has modification time of '2021-07-28T18:34:29Z'
  Import took 0.008699 seconds .

========================================================================
Received Import Request.
  Time since last request: 0.191317 seconds.
  path: Assets/Scripts/APIHelper2.cs
  artifactKey: Guid(be55e21ab656b43baa823dfc04fbcf81) Importer(815301076,1909f56bfc062723c751e8b465ee728b)
Start importing Assets/Scripts/APIHelper2.cs using Guid(be55e21ab656b43baa823dfc04fbcf81) Importer(815301076,1909f56bfc062723c751e8b465ee728b)  -> (artifact id: '00000000000000000000000000000000') in 0.008097 seconds  code(4) message(Build asset version error: assets/scripts/apihelper2.cs in SourceAssetDB has modification time of '2021-07-28T18:31:57Z' while content on disk has modification time of '2021-07-28T18:34:29Z')
  ERROR: Build asset version error: assets/scripts/apihelper2.cs in SourceAssetDB has modification time of '2021-07-28T18:31:57Z' while content on disk has modification time of '2021-07-28T18:34:29Z'
  Import took 0.015439 seconds .

========================================================================
Received Import Request.
  Time since last request: 0.083615 seconds.
  path: Assets/Scripts/APIHelper2.cs
  artifactKey: Guid(be55e21ab656b43baa823dfc04fbcf81) Importer(815301076,1909f56bfc062723c751e8b465ee728b)
Start importing Assets/Scripts/APIHelper2.cs using Guid(be55e21ab656b43baa823dfc04fbcf81) Importer(815301076,1909f56bfc062723c751e8b465ee728b)  -> (artifact id: '00000000000000000000000000000000') in 0.004137 seconds  code(4) message(Build asset version error: assets/scripts/apihelper2.cs in SourceAssetDB has modification time of '2021-07-28T18:31:57Z' while content on disk has modification time of '2021-07-28T18:34:29Z')
  ERROR: Build asset version error: assets/scripts/apihelper2.cs in SourceAssetDB has modification time of '2021-07-28T18:31:57Z' while content on disk has modification time of '2021-07-28T18:34:29Z'
  Import took 0.008548 seconds .

========================================================================
Received Import Request.
  Time since last request: 0.493536 seconds.
  path: Assets/Scripts/APIHelper2.cs
  artifactKey: Guid(be55e21ab656b43baa823dfc04fbcf81) Importer(815301076,1909f56bfc062723c751e8b465ee728b)
Start importing Assets/Scripts/APIHelper2.cs using Guid(be55e21ab656b43baa823dfc04fbcf81) Importer(815301076,1909f56bfc062723c751e8b465ee728b)  -> (artifact id: '00000000000000000000000000000000') in 0.008515 seconds  code(4) message(Build asset version error: assets/scripts/apihelper2.cs in SourceAssetDB has modification time of '2021-07-28T18:31:57Z' while content on disk has modification time of '2021-07-28T18:34:29Z')
  ERROR: Build asset version error: assets/scripts/apihelper2.cs in SourceAssetDB has modification time of '2021-07-28T18:31:57Z' while content on disk has modification time of '2021-07-28T18:34:29Z'
  Import took 0.015545 seconds .

========================================================================
Received Import Request.
  Time since last request: 0.084809 seconds.
  path: Assets/Scripts/APIHelper2.cs
  artifactKey: Guid(be55e21ab656b43baa823dfc04fbcf81) Importer(815301076,1909f56bfc062723c751e8b465ee728b)
Start importing Assets/Scripts/APIHelper2.cs using Guid(be55e21ab656b43baa823dfc04fbcf81) Importer(815301076,1909f56bfc062723c751e8b465ee728b)  -> (artifact id: '00000000000000000000000000000000') in 0.004048 seconds  code(4) message(Build asset version error: assets/scripts/apihelper2.cs in SourceAssetDB has modification time of '2021-07-28T18:31:57Z' while content on disk has modification time of '2021-07-28T18:34:29Z')
  ERROR: Build asset version error: assets/scripts/apihelper2.cs in SourceAssetDB has modification time of '2021-07-28T18:31:57Z' while content on disk has modification time of '2021-07-28T18:34:29Z'
  Import took 0.009032 seconds .

========================================================================
Received Import Request.
  Time since last request: 0.191565 seconds.
  path: Assets/Scripts/APIHelper2.cs
  artifactKey: Guid(be55e21ab656b43baa823dfc04fbcf81) Importer(815301076,1909f56bfc062723c751e8b465ee728b)
Start importing Assets/Scripts/APIHelper2.cs using Guid(be55e21ab656b43baa823dfc04fbcf81) Importer(815301076,1909f56bfc062723c751e8b465ee728b)  -> (artifact id: '00000000000000000000000000000000') in 0.008788 seconds  code(4) message(Build asset version error: assets/scripts/apihelper2.cs in SourceAssetDB has modification time of '2021-07-28T18:31:57Z' while content on disk has modification time of '2021-07-28T18:34:29Z')
  ERROR: Build asset version error: assets/scripts/apihelper2.cs in SourceAssetDB has modification time of '2021-07-28T18:31:57Z' while content on disk has modification time of '2021-07-28T18:34:29Z'
  Import took 0.017150 seconds .

========================================================================
Received Import Request.
  Time since last request: 0.080730 seconds.
  path: Assets/Scripts/APIHelper2.cs
  artifactKey: Guid(be55e21ab656b43baa823dfc04fbcf81) Importer(815301076,1909f56bfc062723c751e8b465ee728b)
Start importing Assets/Scripts/APIHelper2.cs using Guid(be55e21ab656b43baa823dfc04fbcf81) Importer(815301076,1909f56bfc062723c751e8b465ee728b)  -> (artifact id: '00000000000000000000000000000000') in 0.007869 seconds  code(4) message(Build asset version error: assets/scripts/apihelper2.cs in SourceAssetDB has modification time of '2021-07-28T18:31:57Z' while content on disk has modification time of '2021-07-28T18:34:29Z')
  ERROR: Build asset version error: assets/scripts/apihelper2.cs in SourceAssetDB has modification time of '2021-07-28T18:31:57Z' while content on disk has modification time of '2021-07-28T18:34:29Z'
  Import took 0.015252 seconds .

========================================================================
Received Import Request.
  Time since last request: 0.086267 seconds.
  path: Assets/Scripts/APIHelper2.cs
  artifactKey: Guid(be55e21ab656b43baa823dfc04fbcf81) Importer(815301076,1909f56bfc062723c751e8b465ee728b)
Start importing Assets/Scripts/APIHelper2.cs using Guid(be55e21ab656b43baa823dfc04fbcf81) Importer(815301076,1909f56bfc062723c751e8b465ee728b)  -> (artifact id: '00000000000000000000000000000000') in 0.004114 seconds  code(4) message(Build asset version error: assets/scripts/apihelper2.cs in SourceAssetDB has modification time of '2021-07-28T18:31:57Z' while content on disk has modification time of '2021-07-28T18:34:29Z')
  ERROR: Build asset version error: assets/scripts/apihelper2.cs in SourceAssetDB has modification time of '2021-07-28T18:31:57Z' while content on disk has modification time of '2021-07-28T18:34:29Z'
  Import took 0.009238 seconds .

========================================================================
Received Import Request.
  Time since last request: 0.189586 seconds.
  path: Assets/Scripts/APIHelper2.cs
  artifactKey: Guid(be55e21ab656b43baa823dfc04fbcf81) Importer(815301076,1909f56bfc062723c751e8b465ee728b)
Start importing Assets/Scripts/APIHelper2.cs using Guid(be55e21ab656b43baa823dfc04fbcf81) Importer(815301076,1909f56bfc062723c751e8b465ee728b)  -> (artifact id: '00000000000000000000000000000000') in 0.007363 seconds  code(4) message(Build asset version error: assets/scripts/apihelper2.cs in SourceAssetDB has modification time of '2021-07-28T18:31:57Z' while content on disk has modification time of '2021-07-28T18:34:29Z')
  ERROR: Build asset version error: assets/scripts/apihelper2.cs in SourceAssetDB has modification time of '2021-07-28T18:31:57Z' while content on disk has modification time of '2021-07-28T18:34:29Z'
  Import took 0.016668 seconds .

========================================================================
Received Import Request.
  Time since last request: 0.086912 seconds.
  path: Assets/Scripts/APIHelper2.cs
  artifactKey: Guid(be55e21ab656b43baa823dfc04fbcf81) Importer(815301076,1909f56bfc062723c751e8b465ee728b)
Start importing Assets/Scripts/APIHelper2.cs using Guid(be55e21ab656b43baa823dfc04fbcf81) Importer(815301076,1909f56bfc062723c751e8b465ee728b)  -> (artifact id: '00000000000000000000000000000000') in 0.006266 seconds  code(4) message(Build asset version error: assets/scripts/apihelper2.cs in SourceAssetDB has modification time of '2021-07-28T18:31:57Z' while content on disk has modification time of '2021-07-28T18:34:29Z')
  ERROR: Build asset version error: assets/scripts/apihelper2.cs in SourceAssetDB has modification time of '2021-07-28T18:31:57Z' while content on disk has modification time of '2021-07-28T18:34:29Z'
  Import took 0.010666 seconds .

========================================================================
Received Import Request.
  Time since last request: 0.303316 seconds.
  path: Assets/Scripts/APIHelper2.cs
  artifactKey: Guid(be55e21ab656b43baa823dfc04fbcf81) Importer(815301076,1909f56bfc062723c751e8b465ee728b)
Start importing Assets/Scripts/APIHelper2.cs using Guid(be55e21ab656b43baa823dfc04fbcf81) Importer(815301076,1909f56bfc062723c751e8b465ee728b)  -> (artifact id: '00000000000000000000000000000000') in 0.033106 seconds  code(4) message(Build asset version error: assets/scripts/apihelper2.cs in SourceAssetDB has modification time of '2021-07-28T18:31:57Z' while content on disk has modification time of '2021-07-28T18:34:29Z')
  ERROR: Build asset version error: assets/scripts/apihelper2.cs in SourceAssetDB has modification time of '2021-07-28T18:31:57Z' while content on disk has modification time of '2021-07-28T18:34:29Z'
  Import took 0.064765 seconds .

========================================================================
Received Import Request.
  Time since last request: 0.116993 seconds.
  path: Assets/Scripts/APIHelper2.cs
  artifactKey: Guid(be55e21ab656b43baa823dfc04fbcf81) Importer(815301076,1909f56bfc062723c751e8b465ee728b)
Start importing Assets/Scripts/APIHelper2.cs using Guid(be55e21ab656b43baa823dfc04fbcf81) Importer(815301076,1909f56bfc062723c751e8b465ee728b)  -> (artifact id: '00000000000000000000000000000000') in 0.006191 seconds  code(4) message(Build asset version error: assets/scripts/apihelper2.cs in SourceAssetDB has modification time of '2021-07-28T18:31:57Z' while content on disk has modification time of '2021-07-28T18:34:29Z')
  ERROR: Build asset version error: assets/scripts/apihelper2.cs in SourceAssetDB has modification time of '2021-07-28T18:31:57Z' while content on disk has modification time of '2021-07-28T18:34:29Z'
  Import took 0.022040 seconds .

========================================================================
Received Import Request.
  Time since last request: 0.075045 seconds.
  path: Assets/Scripts/APIHelper2.cs
  artifactKey: Guid(be55e21ab656b43baa823dfc04fbcf81) Importer(815301076,1909f56bfc062723c751e8b465ee728b)
Start importing Assets/Scripts/APIHelper2.cs using Guid(be55e21ab656b43baa823dfc04fbcf81) Importer(815301076,1909f56bfc062723c751e8b465ee728b)  -> (artifact id: '00000000000000000000000000000000') in 0.008478 seconds  code(4) message(Build asset version error: assets/scripts/apihelper2.cs in SourceAssetDB has modification time of '2021-07-28T18:31:57Z' while content on disk has modification time of '2021-07-28T18:34:29Z')
  ERROR: Build asset version error: assets/scripts/apihelper2.cs in SourceAssetDB has modification time of '2021-07-28T18:31:57Z' while content on disk has modification time of '2021-07-28T18:34:29Z'
  Import took 0.018234 seconds .

========================================================================
Received Import Request.
  Time since last request: 0.085035 seconds.
  path: Assets/Scripts/APIHelper2.cs
  artifactKey: Guid(be55e21ab656b43baa823dfc04fbcf81) Importer(815301076,1909f56bfc062723c751e8b465ee728b)
Start importing Assets/Scripts/APIHelper2.cs using Guid(be55e21ab656b43baa823dfc04fbcf81) Importer(815301076,1909f56bfc062723c751e8b465ee728b)  -> (artifact id: '00000000000000000000000000000000') in 0.004458 seconds  code(4) message(Build asset version error: assets/scripts/apihelper2.cs in SourceAssetDB has modification time of '2021-07-28T18:31:57Z' while content on disk has modification time of '2021-07-28T18:34:29Z')
  ERROR: Build asset version error: assets/scripts/apihelper2.cs in SourceAssetDB has modification time of '2021-07-28T18:31:57Z' while content on disk has modification time of '2021-07-28T18:34:29Z'
  Import took 0.019210 seconds .

========================================================================
Received Import Request.
  Time since last request: 0.094985 seconds.
  path: Assets/Scripts/APIHelper2.cs
  artifactKey: Guid(be55e21ab656b43baa823dfc04fbcf81) Importer(815301076,1909f56bfc062723c751e8b465ee728b)
Start importing Assets/Scripts/APIHelper2.cs using Guid(be55e21ab656b43baa823dfc04fbcf81) Importer(815301076,1909f56bfc062723c751e8b465ee728b)  -> (artifact id: '00000000000000000000000000000000') in 0.010509 seconds  code(4) message(Build asset version error: assets/scripts/apihelper2.cs in SourceAssetDB has modification time of '2021-07-28T18:31:57Z' while content on disk has modification time of '2021-07-28T18:34:29Z')
  ERROR: Build asset version error: assets/scripts/apihelper2.cs in SourceAssetDB has modification time of '2021-07-28T18:31:57Z' while content on disk has modification time of '2021-07-28T18:34:29Z'
  Import took 0.020902 seconds .

========================================================================
Received Import Request.
  Time since last request: 0.060266 seconds.
  path: Assets/Scripts/APIHelper2.cs
  artifactKey: Guid(be55e21ab656b43baa823dfc04fbcf81) Importer(815301076,1909f56bfc062723c751e8b465ee728b)
Start importing Assets/Scripts/APIHelper2.cs using Guid(be55e21ab656b43baa823dfc04fbcf81) Importer(815301076,1909f56bfc062723c751e8b465ee728b)  -> (artifact id: '00000000000000000000000000000000') in 0.005084 seconds  code(4) message(Build asset version error: assets/scripts/apihelper2.cs in SourceAssetDB has modification time of '2021-07-28T18:31:57Z' while content on disk has modification time of '2021-07-28T18:34:29Z')
  ERROR: Build asset version error: assets/scripts/apihelper2.cs in SourceAssetDB has modification time of '2021-07-28T18:31:57Z' while content on disk has modification time of '2021-07-28T18:34:29Z'
  Import took 0.010043 seconds .

========================================================================
Received Import Request.
  Time since last request: 0.095736 seconds.
  path: Assets/Scripts/APIHelper2.cs
  artifactKey: Guid(be55e21ab656b43baa823dfc04fbcf81) Importer(815301076,1909f56bfc062723c751e8b465ee728b)
Start importing Assets/Scripts/APIHelper2.cs using Guid(be55e21ab656b43baa823dfc04fbcf81) Importer(815301076,1909f56bfc062723c751e8b465ee728b)  -> (artifact id: '00000000000000000000000000000000') in 0.005416 seconds  code(4) message(Build asset version error: assets/scripts/apihelper2.cs in SourceAssetDB has modification time of '2021-07-28T18:31:57Z' while content on disk has modification time of '2021-07-28T18:34:29Z')
  ERROR: Build asset version error: assets/scripts/apihelper2.cs in SourceAssetDB has modification time of '2021-07-28T18:31:57Z' while content on disk has modification time of '2021-07-28T18:34:29Z'
  Import took 0.010762 seconds .

========================================================================
Received Import Request.
  Time since last request: 0.082357 seconds.
  path: Assets/Scripts/APIHelper2.cs
  artifactKey: Guid(be55e21ab656b43baa823dfc04fbcf81) Importer(815301076,1909f56bfc062723c751e8b465ee728b)
Start importing Assets/Scripts/APIHelper2.cs using Guid(be55e21ab656b43baa823dfc04fbcf81) Importer(815301076,1909f56bfc062723c751e8b465ee728b)  -> (artifact id: '00000000000000000000000000000000') in 0.010126 seconds  code(4) message(Build asset version error: assets/scripts/apihelper2.cs in SourceAssetDB has modification time of '2021-07-28T18:31:57Z' while content on disk has modification time of '2021-07-28T18:34:29Z')
  ERROR: Build asset version error: assets/scripts/apihelper2.cs in SourceAssetDB has modification time of '2021-07-28T18:31:57Z' while content on disk has modification time of '2021-07-28T18:34:29Z'
  Import took 0.017545 seconds .

========================================================================
Received Import Request.
  Time since last request: 0.084980 seconds.
  path: Assets/Scripts/APIHelper2.cs
  artifactKey: Guid(be55e21ab656b43baa823dfc04fbcf81) Importer(815301076,1909f56bfc062723c751e8b465ee728b)
Start importing Assets/Scripts/APIHelper2.cs using Guid(be55e21ab656b43baa823dfc04fbcf81) Importer(815301076,1909f56bfc062723c751e8b465ee728b)  -> (artifact id: '00000000000000000000000000000000') in 0.009724 seconds  code(4) message(Build asset version error: assets/scripts/apihelper2.cs in SourceAssetDB has modification time of '2021-07-28T18:31:57Z' while content on disk has modification time of '2021-07-28T18:34:29Z')
  ERROR: Build asset version error: assets/scripts/apihelper2.cs in SourceAssetDB has modification time of '2021-07-28T18:31:57Z' while content on disk has modification time of '2021-07-28T18:34:29Z'
  Import took 0.015877 seconds .

========================================================================
Received Import Request.
  Time since last request: 0.086222 seconds.
  path: Assets/Scripts/APIHelper2.cs
  artifactKey: Guid(be55e21ab656b43baa823dfc04fbcf81) Importer(815301076,1909f56bfc062723c751e8b465ee728b)
Start importing Assets/Scripts/APIHelper2.cs using Guid(be55e21ab656b43baa823dfc04fbcf81) Importer(815301076,1909f56bfc062723c751e8b465ee728b)  -> (artifact id: '00000000000000000000000000000000') in 0.005059 seconds  code(4) message(Build asset version error: assets/scripts/apihelper2.cs in SourceAssetDB has modification time of '2021-07-28T18:31:57Z' while content on disk has modification time of '2021-07-28T18:34:29Z')
  ERROR: Build asset version error: assets/scripts/apihelper2.cs in SourceAssetDB has modification time of '2021-07-28T18:31:57Z' while content on disk has modification time of '2021-07-28T18:34:29Z'
  Import took 0.009500 seconds .

========================================================================
Received Import Request.
  Time since last request: 0.190922 seconds.
  path: Assets/Scripts/APIHelper2.cs
  artifactKey: Guid(be55e21ab656b43baa823dfc04fbcf81) Importer(815301076,1909f56bfc062723c751e8b465ee728b)
Start importing Assets/Scripts/APIHelper2.cs using Guid(be55e21ab656b43baa823dfc04fbcf81) Importer(815301076,1909f56bfc062723c751e8b465ee728b)  -> (artifact id: '00000000000000000000000000000000') in 0.009080 seconds  code(4) message(Build asset version error: assets/scripts/apihelper2.cs in SourceAssetDB has modification time of '2021-07-28T18:31:57Z' while content on disk has modification time of '2021-07-28T18:34:29Z')
  ERROR: Build asset version error: assets/scripts/apihelper2.cs in SourceAssetDB has modification time of '2021-07-28T18:31:57Z' while content on disk has modification time of '2021-07-28T18:34:29Z'
  Import took 0.018472 seconds .

========================================================================
Received Prepare
Refreshing native plugins compatible for Editor in 16.62 ms, found 3 plugins.
Preloading 0 native plugins for Editor in 0.00 ms.
Unloading 19 Unused Serialized files (Serialized files now loaded: 0)
System memory in use before: 133.5 MB.
System memory in use after: 133.6 MB.

Unloading 18 unused Assets to reduce memory usage. Loaded Objects now: 2566.
Total: 3.335993 ms (FindLiveObjects: 0.388002 ms CreateObjectMapping: 0.201401 ms MarkObjects: 2.605523 ms  DeleteObjects: 0.140000 ms)

AssetImportParameters requested are different than current active one (requested -> active):
  custom:video-decoder-ogg-theora: a1e56fd34408186e4bbccfd4996cb3dc -> 
  custom:container-muxer-webm: aa71ff27fc2769a1b78a27578f13a17b -> 
  custom:container-demuxer-webm: 4f35f7cbe854078d1ac9338744f61a02 -> 
  custom:container-demuxer-ogg: 62fdf1f143b41e24485cea50d1cbac27 -> 
  custom:video-encoder-webm-vp8: eb34c28f22e8b96e1ab97ce403110664 -> 
  custom:framework-osx-AVFoundation: e770b220cccbd017edd2c1fefb359320 -> 
  custom:video-decoder-webm-vp8: 9c59270c3fd7afecdb556c50c9e8de78 -> 
  custom:audio-decoder-ogg-vorbis: bf7c407c2cedff20999df2af8eb42d56 -> 
  custom:audio-encoder-webm-vorbis: bf7c407c2cedff20999df2af8eb42d56 -> 
