Using pre-set license

 COMMAND LINE ARGUMENTS:
/Applications/Unity/Hub/Editor/2020.3.12f1/Unity.app/Contents/MacOS/Unity
-adb2
-batchMode
-noUpm
-name
AssetImportWorker0
-projectPath
/Users/dominicndondo/Desktop/Milan
-logFile
Logs/AssetImportWorker0.log
-srvPort
57259
Successfully changed project path to: /Users/dominicndondo/Desktop/Milan
/Users/dominicndondo/Desktop/Milan
Using Asset Import Pipeline V2.
Refreshing native plugins compatible for Editor in 186.74 ms, found 3 plugins.
Preloading 0 native plugins for Editor in 0.00 ms.
Initialize engine version: 2020.3.12f1 (b3b2c6512326)
[Subsystems] Discovering subsystems at path /Applications/Unity/Hub/Editor/2020.3.12f1/Unity.app/Contents/Resources/UnitySubsystems
[Subsystems] Discovering subsystems at path /Users/dominicndondo/Desktop/Milan/Assets
GfxDevice: creating device client; threaded=0
2021-07-27 09:39:03.162 Unity[13185:513494] Color LCD preferred device: Intel(R) Iris(TM) Graphics 6000 (low power)
2021-07-27 09:39:03.163 Unity[13185:513494] Metal devices available: 1
2021-07-27 09:39:03.163 Unity[13185:513494] 0: Intel(R) Iris(TM) Graphics 6000 (low power)
2021-07-27 09:39:03.168 Unity[13185:513494] Using device Intel(R) Iris(TM) Graphics 6000 (low power)
Initializing Metal device caps: Intel(R) Iris(TM) Graphics 6000
Initialize mono
Mono path[0] = '/Applications/Unity/Hub/Editor/2020.3.12f1/Unity.app/Contents/Managed'
Mono path[1] = '/Applications/Unity/Hub/Editor/2020.3.12f1/Unity.app/Contents/MonoBleedingEdge/lib/mono/unityjit'
Mono config path = '/Applications/Unity/Hub/Editor/2020.3.12f1/Unity.app/Contents/MonoBleedingEdge/etc'
Using monoOptions --debugger-agent=transport=dt_socket,embedding=1,server=y,suspend=n,address=127.0.0.1:56185
Begin MonoManager ReloadAssembly
Error scanning for extension ivy.xml files: System.UnauthorizedAccessException: Access to the path '/Applications/Unity/Hub/Editor/2020.3.12f1/PlaybackEngines/WebGLSupport/BuildTools/Emscripten_Mac/node' is denied.
  at System.IO.__Error.WinIOError (System.Int32 errorCode, System.String maybeFullPath) [0x00129] in <695d1cc93cca45069c528c15c9fdd749>:0 
  at System.IO.FileSystemEnumerableIterator`1[TSource].HandleError (System.Int32 hr, System.String path) [0x00006] in <695d1cc93cca45069c528c15c9fdd749>:0 
  at System.IO.FileSystemEnumerableIterator`1[TSource].AddSearchableDirsToStack (System.IO.Directory+SearchData localSearchData) [0x00053] in <695d1cc93cca45069c528c15c9fdd749>:0 
  at System.IO.FileSystemEnumerableIterator`1[TSource].MoveNext () [0x0008e] in <695d1cc93cca45069c528c15c9fdd749>:0 
  at System.Collections.Generic.List`1[T]..ctor (System.Collections.Generic.IEnumerable`1[T] collection) [0x00077] in <695d1cc93cca45069c528c15c9fdd749>:0 
  at System.IO.Directory.InternalGetFileDirectoryNames (System.String path, System.String userPathOriginal, System.String searchPattern, System.Boolean includeFiles, System.Boolean includeDirs, System.IO.SearchOption searchOption, System.Boolean checkHost) [0x0000f] in <695d1cc93cca45069c528c15c9fdd749>:0 
  at System.IO.Directory.InternalGetFiles (System.String path, System.String searchPattern, System.IO.SearchOption searchOption) [0x00000] in <695d1cc93cca45069c528c15c9fdd749>:0 
  at System.IO.Directory.GetFiles (System.String path, System.String searchPattern, System.IO.SearchOption searchOption) [0x00038] in <695d1cc93cca45069c528c15c9fdd749>:0 
  at UnityEditor.Modules.ModuleManager.LoadLegacyExtensionsFromIvyFiles () [0x000a5] in /Users/bokken/buildslave/unity/build/Editor/Mono/Modules/ModuleManager.cs:253 
Registering precompiled unity dll's ...
Register platform support module: /Applications/Unity/Hub/Editor/2020.3.12f1/PlaybackEngines/WebGLSupport/UnityEditor.WebGL.Extensions.dll
Register platform support module: /Applications/Unity/Hub/Editor/2020.3.12f1/Unity.app/Contents/PlaybackEngines/MacStandaloneSupport/UnityEditor.OSXStandalone.Extensions.dll
Registered in 0.008051 seconds.
Native extension for OSXStandalone target not found
Native extension for WebGL target not found
Refreshing native plugins compatible for Editor in 84.69 ms, found 3 plugins.
Preloading 0 native plugins for Editor in 0.00 ms.
Mono: successfully reloaded assembly
- Completed reload, in  7.252 seconds
Platform modules already initialized, skipping
Registering precompiled user dll's ...
Registered in 0.017679 seconds.
Begin MonoManager ReloadAssembly
Native extension for OSXStandalone target not found
Native extension for WebGL target not found
Refreshing native plugins compatible for Editor in 134.26 ms, found 3 plugins.
Preloading 0 native plugins for Editor in 0.00 ms.
Mono: successfully reloaded assembly
- Completed reload, in  3.904 seconds
Platform modules already initialized, skipping
========================================================================
Worker process is ready to serve import requests
Launching external process: /Applications/Unity/Hub/Editor/2020.3.12f1/Unity.app/Contents/Tools/UnityShaderCompiler
Launched and connected shader compiler UnityShaderCompiler after 0.05 seconds
Refreshing native plugins compatible for Editor in 0.69 ms, found 3 plugins.
Preloading 0 native plugins for Editor in 0.00 ms.
Unloading 2082 Unused Serialized files (Serialized files now loaded: 0)
System memory in use before: 168.2 MB.
System memory in use after: 168.1 MB.

Unloading 33 unused Assets to reduce memory usage. Loaded Objects now: 2516.
Total: 7.588022 ms (FindLiveObjects: 0.911868 ms CreateObjectMapping: 0.417121 ms MarkObjects: 5.903398 ms  DeleteObjects: 0.351801 ms)

AssetImportParameters requested are different than current active one (requested -> active):
  custom:video-decoder-ogg-theora: a1e56fd34408186e4bbccfd4996cb3dc -> 
  custom:container-muxer-webm: aa71ff27fc2769a1b78a27578f13a17b -> 
  custom:container-demuxer-webm: 4f35f7cbe854078d1ac9338744f61a02 -> 
  custom:container-demuxer-ogg: 62fdf1f143b41e24485cea50d1cbac27 -> 
  custom:video-encoder-webm-vp8: eb34c28f22e8b96e1ab97ce403110664 -> 
  custom:framework-osx-AVFoundation: e770b220cccbd017edd2c1fefb359320 -> 
  custom:video-decoder-webm-vp8: 9c59270c3fd7afecdb556c50c9e8de78 -> 
  custom:audio-decoder-ogg-vorbis: bf7c407c2cedff20999df2af8eb42d56 -> 
  custom:audio-encoder-webm-vorbis: bf7c407c2cedff20999df2af8eb42d56 -> 
========================================================================
Received Import Request.
  path: Packages/com.unity.nuget.newtonsoft-json
  artifactKey: Guid(7e7d2b05dd6ea119ce16861d56d99a82) Importer(815301076,1909f56bfc062723c751e8b465ee728b)
Start importing Packages/com.unity.nuget.newtonsoft-json using Guid(7e7d2b05dd6ea119ce16861d56d99a82) Importer(815301076,1909f56bfc062723c751e8b465ee728b)  -> (artifact id: 'fa4b8fa352b752a3e644067b33aa63ec') in 0.009370 seconds 
  Import took 0.017798 seconds .

========================================================================
Received Import Request.
  Time since last request: 200.838114 seconds.
  path: Assets/Scripts/RunServer.cs
  artifactKey: Guid(279c74600c21641c0a533c6f94257336) Importer(815301076,1909f56bfc062723c751e8b465ee728b)
Start importing Assets/Scripts/RunServer.cs using Guid(279c74600c21641c0a533c6f94257336) Importer(815301076,1909f56bfc062723c751e8b465ee728b)  -> (artifact id: '1fdc1040c0dff9b332465831b8627ce6') in 1.923046 seconds 
  Import took 1.945622 seconds .

========================================================================
Received Import Request.
  Time since last request: 64.933645 seconds.
  path: Assets/Scripts/RunServer.cs
  artifactKey: Guid(279c74600c21641c0a533c6f94257336) Importer(815301076,1909f56bfc062723c751e8b465ee728b)
Start importing Assets/Scripts/RunServer.cs using Guid(279c74600c21641c0a533c6f94257336) Importer(815301076,1909f56bfc062723c751e8b465ee728b)  -> (artifact id: '70ca7d360b1aca416d51a07a1afc5d61') in 0.023102 seconds 
  Import took 0.031299 seconds .

========================================================================
Received Import Request.
  Time since last request: 73.610695 seconds.
  path: Assets/Scripts/RunServer.cs
  artifactKey: Guid(279c74600c21641c0a533c6f94257336) Importer(815301076,1909f56bfc062723c751e8b465ee728b)
Start importing Assets/Scripts/RunServer.cs using Guid(279c74600c21641c0a533c6f94257336) Importer(815301076,1909f56bfc062723c751e8b465ee728b)  -> (artifact id: '0f9697dda0c0979ef14ce5a3e1192705') in 0.004346 seconds 
  Import took 0.012509 seconds .

